<?xml version="1.0" encoding="UTF-8"?>
<testsuite xmlns:xsi="http://www.w3.org/2001/XMLSchema-instance" xsi:noNamespaceSchemaLocation="https://maven.apache.org/surefire/maven-surefire-plugin/xsd/surefire-test-report-3.0.xsd" version="3.0" name="com.example.demo.DevopsApplicationTests" time="6.768" tests="1" errors="0" skipped="0" failures="0">
  <properties>
[...]
</properties>
  <testcase name="contextLoads" classname="com.example.demo.DevopsApplicationTests" time="2.024">
    <system-out><![CDATA[12:50:44.203 [main] INFO org.springframework.test.context.support.AnnotationConfigContextLoaderUtils -- Could not detect default configuration classes for test class [com.example.demo.DevopsApplicationTests]: DevopsApplicationTests does not declare any static, non-private, non-final, nested classes annotated with @Configuration.
12:50:44.429 [main] INFO org.springframework.boot.test.context.SpringBootTestContextBootstrapper -- Found @SpringBootConfiguration com.example.demo.DevopsApplication for test class com.example.demo.DevopsApplicationTests
12:50:44.953 [main] INFO org.springframework.boot.devtools.restart.RestartApplicationListener -- Restart disabled due to context in which it is running

  .   ____          _            __ _ _
 /\\ / ___'_ __ _ _(_)_ __  __ _ \ \ \ \
( ( )\___ | '_ | '_| | '_ \/ _` | \ \ \ \
 \\/  ___)| |_)| | | | | || (_| |  ) ) ) )
  '  |____| .__|_| |_|_| |_\__, | / / / /
 =========|_|==============|___/=/_/_/_/
 :: Spring Boot ::                (v3.2.5)

2024-05-08T12:50:45.556+05:30  INFO 2752 --- [Devops] [           main] c.example.demo.DevopsApplicationTests    : Starting DevopsApplicationTests using Java 17.0.10 with PID 2752 (started by sathi in C:\Users\sathi\Documents\workspace-spring-tool-suite-4-4.21.1.RELEASE\Devops)
2024-05-08T12:50:45.559+05:30  INFO 2752 --- [Devops] [           main] c.example.demo.DevopsApplicationTests    : No active profile set, falling back to 1 default profile: "default"
2024-05-08T12:50:48.383+05:30  INFO 2752 --- [Devops] [           main] c.example.demo.DevopsApplicationTests    : Started DevopsApplicationTests in 3.449 seconds (process running for 5.845)
]]></system-out>
  </testcase>
</testsuite>